<?xml version="1.0" encoding="UTF-8"?>
<testng-results ignored="0" total="1" passed="1" failed="0" skipped="0">
  <reporter-output>
  </reporter-output>
  <suite started-at="2026-03-01T22:14:12 IST" name="Default suite" finished-at="2026-03-01T22:14:37 IST" duration-ms="25204">
    <groups>
    </groups>
    <test started-at="2026-03-01T22:14:12 IST" name="Default test" finished-at="2026-03-01T22:14:37 IST" duration-ms="25204">
      <class name="tests.InventoryTest">
        <test-method is-config="true" signature="setUp()[pri:0, instance:tests.InventoryTest@6ef888f6]" started-at="2026-03-01T22:14:12 IST" name="setUp" finished-at="2026-03-01T22:14:24 IST" duration-ms="11794" status="PASS">
          <reporter-output>
          </reporter-output>
        </test-method> <!-- setUp -->
        <test-method signature="addIventoryItem()[pri:0, instance:tests.InventoryTest@6ef888f6]" started-at="2026-03-01T22:14:24 IST" name="addIventoryItem" finished-at="2026-03-01T22:14:37 IST" duration-ms="12886" status="PASS">
          <reporter-output>
          </reporter-output>
        </test-method> <!-- addIventoryItem -->
        <test-method is-config="true" signature="tearDown(org.testng.ITestResult)[pri:0, instance:tests.InventoryTest@6ef888f6]" started-at="2026-03-01T22:14:37 IST" name="tearDown" finished-at="2026-03-01T22:14:37 IST" duration-ms="475" status="PASS">
          <params>
            <param index="0">
              <value>
                <![CDATA[[TestResult name=addIventoryItem status=SUCCESS method=InventoryTest.addIventoryItem()[pri:0, instance:tests.InventoryTest@6ef888f6] output={null}]]]>
              </value>
            </param>
          </params>
          <reporter-output>
          </reporter-output>
        </test-method> <!-- tearDown -->
      </class> <!-- tests.InventoryTest -->
    </test> <!-- Default test -->
  </suite> <!-- Default suite -->
</testng-results>
